110         0.0048           31.5
110        0.00678           5.44
110        0.00958           4.87
110         0.0135           4.55
110         0.0191           4.56
110          0.027           4.76
110         0.0381           5.07
110         0.0539           5.11
110         0.0761           5.38
110          0.108           6.14
110          0.152           6.83
110          0.215           7.42
110          0.303           9.44
110          0.428           14.1
110          0.605           25.1
130        0.00678           8.64
130        0.00958           5.31
130         0.0135           4.78
130         0.0191           4.85
130          0.027           5.04
130         0.0381           4.92
130         0.0539           5.28
130         0.0761           5.35
130          0.108           5.86
130          0.152           6.43
130          0.215            7.8
130          0.303           9.17
130          0.428           14.6
130          0.605           30.3
130          0.854            109
200        0.00958           14.7
200         0.0135           5.71
200         0.0191           5.16
200          0.027           5.56
200         0.0381           5.26
200         0.0539           5.34
200         0.0761            5.8
200          0.108           6.33
200          0.152           6.98
200          0.215           7.89
200          0.303           10.8
200          0.428           14.7
200          0.605           27.3
200          0.854           77.3
400         0.0191           19.3
400          0.027           6.99
400         0.0381           6.51
400         0.0539           6.42
400         0.0761            6.8
400          0.108           7.52
400          0.152           8.14
400          0.215           9.23
400          0.303           10.8
400          0.428             19
400          0.605           36.4
700         0.0381           12.7
700         0.0539           8.75
700         0.0761           8.64
700          0.108           8.78
700          0.152           8.33
700          0.215           10.1
700          0.303           12.6
700          0.428           20.6
700          0.605           34.6
700          0.854            109
1e+03         0.0539           15.5
1e+03         0.0761           10.4
1e+03          0.108           10.4
1e+03          0.152           10.4
1e+03          0.215           11.2
1e+03          0.303             14
1e+03          0.428           19.6
1e+03          0.605           44.6
1.4e+03         0.0761           8.31
1.4e+03          0.108           4.35
1.4e+03          0.152           4.32
1.4e+03          0.215           4.71
1.4e+03          0.303           5.22
1.4e+03          0.428            7.2
1.4e+03          0.605           16.5
1.4e+03          0.854            109
3e+03          0.152           14.7
3e+03          0.215           9.01
3e+03          0.303            9.3
3e+03          0.428           12.6
3e+03          0.605           27.3
5e+03          0.303           14.5
5e+03          0.428           14.1
5e+03          0.605           28.2
5e+03          0.854            109
9e+03          0.428           48.9
9e+03          0.605           23.3
9e+03          0.854            109
