0.000129          0.815          0.574           6310        0.00444       1.5       2.5
0.000205          0.815          0.362           3981         0.0042       1.5       2.5
0.000205           1.29          0.574           6309        0.00232       1.5       2.5
0.000325          0.815          0.228           2512        0.00406       1.5       2.5
0.000325           1.29          0.362           3981        0.00222       1.5       2.5
0.000325           2.05          0.574           6308        0.00288       1.5       2.5
0.000515          0.815          0.144           1585        0.00402       1.5       2.5
0.000515           1.29          0.228           2511        0.00218       1.5       2.5
0.000515           2.05          0.362           3980        0.00276       1.5       2.5
0.000515           3.25          0.574           6307        0.00346       1.5       2.5
0.000815          0.815         0.0909           1000        0.00405       1.5       2.5
0.000815           1.29          0.144           1584        0.00218       1.5       2.5
0.000815           2.05          0.228           2511        0.00271       1.5       2.5
0.000815           3.25          0.362           3979         0.0033       1.5       2.5
0.000815           5.15          0.574           6305        0.00419       1.5       2.5
0.00129           0.815         0.0574            631        0.00414       1.5       2.5
0.00129            1.29         0.0909          999.6        0.00222       1.5       2.5
0.00129            2.05          0.144           1584        0.00272       1.5       2.5
0.00129            3.25          0.228           2510        0.00325       1.5       2.5
0.00129            5.15          0.362           3977        0.00402       1.5       2.5
0.00129            8.15          0.574           6302        0.00516       1.5       2.5
0.00205           0.815         0.0362          398.2        0.00425       1.5       2.5
0.00205            1.29         0.0574          630.5        0.00227       1.5       2.5
0.00205            2.05         0.0909          998.8        0.00276       1.5       2.5
0.00205            3.25          0.144           1583        0.00326       1.5       2.5
0.00205            5.15          0.228           2508        0.00396       1.5       2.5
0.00205            8.15          0.362           3974        0.00496       1.5       2.5
0.00205            12.9          0.574           6298        0.00642       1.5       2.5
0.00325           0.815         0.0228          251.3        0.00437       1.5       2.5
0.00325            1.29         0.0362          397.7        0.00234       1.5       2.5
0.00325            2.05         0.0574          629.8        0.00283       1.5       2.5
0.00325            3.25         0.0909          997.6        0.00331       1.5       2.5
0.00325            5.15          0.144           1581        0.00398       1.5       2.5
0.00325            8.15          0.228           2505        0.00489       1.5       2.5
0.00325            12.9          0.362           3969        0.00622       1.5       2.5
0.00325            20.5          0.574           6290        0.00817       1.5       2.5
0.00515           0.815         0.0144          158.6        0.00451       1.5       2.5
0.00515            1.29         0.0228          250.8        0.00241       1.5       2.5
0.00515            2.05         0.0362          396.9        0.00292       1.5       2.5
0.00515            3.25         0.0574          628.6         0.0034       1.5       2.5
0.00515            5.15         0.0909          995.7        0.00406       1.5       2.5
0.00515            8.15          0.144           1578        0.00495       1.5       2.5
0.00515            12.9          0.228           2500        0.00617       1.5       2.5
0.00515            20.5          0.362           3961        0.00794       1.5       2.5
0.00515            32.5          0.574           6278         0.0105       1.5       2.5
0.00815           0.815        0.00909          100.1        0.00464       2.5       2.5
0.00815            1.29         0.0144          158.1        0.00248       1.5       2.5
0.00815            2.05         0.0228            250        0.00299       1.5       2.5
0.00815            3.25         0.0362          395.7         0.0035       1.5       2.5
0.00815            5.15         0.0574          626.7        0.00417       1.5       2.5
0.00815            8.15         0.0909          992.7        0.00506       1.5       2.5
0.00815            12.9          0.144           1573        0.00626       1.5       2.5
0.00815            20.5          0.228           2492        0.00791       1.5       2.5
0.00815            32.5          0.362           3949         0.0102       1.5       2.5
0.00815            51.5          0.574           6259         0.0136       1.5       2.5
0.0129            0.815        0.00574          63.16        0.00476       2.5       2.5
0.0129             1.29        0.00909          99.59        0.00254       2.5       2.5
0.0129             2.05         0.0144          157.3        0.00308       1.5       2.5
0.0129             3.25         0.0228          248.8         0.0036       1.5       2.5
0.0129             5.15         0.0362          393.8         0.0043       1.5       2.5
0.0129             8.15         0.0574          623.7        0.00522       1.5       2.5
0.0129             12.9         0.0909            988        0.00641       1.5       2.5
0.0129             20.5          0.144           1565        0.00805       1.5       2.5
0.0129             32.5          0.228           2480         0.0103       1.5       2.5
0.0129             51.5          0.362           3930         0.0134       1.5       2.5
0.0129             81.5          0.574           6229         0.0181       1.5       2.5
0.0205            0.815        0.00362          39.88        0.00489       2.5       2.5
0.0205             1.29        0.00574          62.68         0.0026       2.5       2.5
0.0205             2.05        0.00909          98.83        0.00314       2.5       2.5
0.0205             3.25         0.0144          156.1         0.0037       1.5       2.5
0.0205             5.15         0.0228          246.9        0.00443       1.5       2.5
0.0205             8.15         0.0362          390.8        0.00538       1.5       2.5
0.0205             12.9         0.0574          618.9        0.00662       1.5       2.5
0.0205             20.5         0.0909          980.4        0.00829       1.5       2.5
0.0205             32.5          0.144           1553         0.0105       1.5       2.5
0.0205             51.5          0.228           2461         0.0135       1.5       2.5
0.0205             81.5          0.362           3900         0.0177       1.5       2.5
0.0205              129          0.574           6181         0.0239       1.5       2.5
0.0325            0.815        0.00228          25.18          0.005       2.5       2.5
0.0325             1.29        0.00362           39.4        0.00267       2.5       2.5
0.0325             2.05        0.00574          61.93        0.00321       2.5       2.5
0.0325             3.25        0.00909          97.63        0.00379       2.5       2.5
0.0325             5.15         0.0144          154.2        0.00458       1.5       2.5
0.0325             8.15         0.0228          243.9        0.00558       1.5       2.5
0.0325             12.9         0.0362          386.1        0.00687       1.5       2.5
0.0325             20.5         0.0574          611.4        0.00857       1.5       2.5
0.0325             32.5         0.0909          968.4         0.0108       1.5       2.5
0.0325             51.5          0.144           1534         0.0137       1.5       2.5
0.0325             81.5          0.228           2431         0.0178       1.5       2.5
0.0325              129          0.362           3853         0.0237       1.5       2.5
0.0325              205          0.574           6106         0.0322       1.5       2.5
0.0515             1.29        0.00228          24.71        0.00272       2.5       2.5
0.0515             2.05        0.00362          38.64        0.00327       2.5       2.5
0.0515             3.25        0.00574          60.73        0.00389       2.5       2.5
0.0515             5.15        0.00909          95.74        0.00471       2.5       2.5
0.0515             8.15         0.0144          151.2        0.00577       1.5       2.5
0.0515             12.9         0.0228          239.1        0.00713       1.5       2.5
0.0515             20.5         0.0362          378.5        0.00892       1.5       2.5
0.0515             32.5         0.0574          599.4         0.0113       1.5       2.5
0.0515             51.5         0.0909          949.4         0.0143       1.5       2.5
0.0515             81.5          0.144           1504         0.0183       1.5       2.5
0.0515              129          0.228           2384         0.0238       1.5       2.5
0.0515              205          0.362           3777         0.0316       1.5       2.5
0.0515              325          0.574           5986         0.0434       1.5       2.5
0.0815             2.05        0.00228          23.95        0.00332       2.5       2.5
0.0815             3.25        0.00362          37.44        0.00398       2.5       2.5
0.0815             5.15        0.00574          58.83        0.00483       2.5       2.5
0.0815             8.15        0.00909          92.73        0.00596       2.5       2.5
0.0815             12.9         0.0144          146.4        0.00739       1.5       2.5
0.0815             20.5         0.0228          231.6        0.00928       1.5       2.5
0.0815             32.5         0.0362          366.5         0.0116       1.5       2.5
0.0815             51.5         0.0574          580.4         0.0148       1.5       2.5
0.0815             81.5         0.0909          919.3         0.0189       1.5       2.5
0.0815              129          0.144           1457         0.0243       1.5       2.5
0.0815              205          0.228           2308         0.0321       1.5       2.5
0.0815              325          0.362           3657         0.0432       1.5       2.5
0.0815              515          0.574           5796         0.0586       1.5       2.5
0.129              3.25        0.00228          22.75         0.0041       2.5       2.5
0.129              5.15        0.00362          35.55        0.00498       2.5       2.5
0.129              8.15        0.00574          55.82        0.00617       2.5       2.5
0.129              12.9        0.00909          87.96        0.00772       2.5       2.5
0.129              20.5         0.0144          138.9        0.00973       1.5       2.5
0.129              32.5         0.0228          219.6         0.0123       1.5       2.5
0.129              51.5         0.0362          347.5         0.0156       1.5       2.5
0.129              81.5         0.0574          550.3         0.0198       1.5       2.5
0.129               129         0.0909          871.6         0.0257       1.5       2.5
0.129               205          0.144           1381         0.0327       1.5       2.5
0.129               325          0.228           2188         0.0439       1.5       2.5
0.129               515          0.362           3467         0.0581       1.5       2.5
0.129               815          0.574           5495         0.0792       1.5       2.5
0.205              5.15        0.00228          20.85        0.00529       2.5       2.5
0.205              8.15        0.00362          32.54        0.00654       2.5       2.5
0.205              12.9        0.00574          51.05         0.0082       2.5       2.5
0.205              20.5        0.00909           80.4         0.0104       2.5       2.5
0.205              32.5         0.0144          126.9         0.0132       1.5       2.5
0.205              51.5         0.0228          200.6         0.0168       1.5       2.5
0.205              81.5         0.0362          317.4         0.0213       1.5       2.5
0.205               129         0.0574          502.6         0.0276       1.5       2.5
0.205               205         0.0909            796         0.0362       1.5       2.5
0.205               325          0.144           1261         0.0457       1.5       2.5
0.205               515          0.228           1998         0.0618       1.5       2.5
0.205               815          0.362           3166          0.083       1.5       2.5
0.205          1.29e+03          0.574           5018           0.11       1.5       2.5
0.325              8.15        0.00228          17.84        0.00758       2.5       2.5
0.325              12.9        0.00362          27.77        0.00954       2.5       2.5
0.325              20.5        0.00574          43.49         0.0121       2.5       2.5
0.325              32.5        0.00909          68.42         0.0154       2.5       2.5
0.325              51.5         0.0144          107.9         0.0199       1.5       2.5
0.325              81.5         0.0228          170.5         0.0253       1.5       2.5
0.325               129         0.0362          269.7         0.0329       1.5       2.5
0.325               205         0.0574            427         0.0426       1.5       2.5
0.325               325         0.0909          676.2         0.0558       1.5       2.5
0.325               515          0.144           1071         0.0733       1.5       2.5
0.325               815          0.228           1697         0.0943       1.5       2.5
0.325          1.29e+03          0.362           2690          0.135       1.5       2.5
0.325          2.05e+03          0.574           4262          0.192       1.5       2.5
0.515              12.9        0.00228          13.07         0.0142       2.5       2.5
0.515              20.5        0.00362          20.21         0.0181       2.5       2.5
0.515              32.5        0.00574          31.51         0.0232       2.5       2.5
0.515              51.5        0.00909          49.43         0.0296       2.5       2.5
0.515              81.5         0.0144          77.82         0.0389       1.5       2.5
0.515               129         0.0228          122.8         0.0497       1.5       2.5
0.515               205         0.0362          194.1          0.065       1.5       2.5
0.515               325         0.0574          307.2          0.086       1.5       2.5
0.515               515         0.0909          486.3          0.113       1.5       2.5
0.515               815          0.144          770.3          0.146       1.5       2.5
0.515          1.29e+03          0.228           1220          0.208       1.5       2.5
0.515          2.05e+03          0.362           1934          0.296       1.5       2.5
0.515          3.25e+03          0.574           3064          0.412       1.5       2.5
0.815              20.5        0.00228          5.515         0.0548       2.5       2.5
0.815              32.5        0.00362          8.226         0.0742       2.5       2.5
0.815              51.5        0.00574          12.52         0.0935       2.5       2.5
0.815              81.5        0.00909          19.33          0.123       2.5       2.5
0.815               129         0.0144          30.13          0.166       1.5       2.5
0.815               205         0.0228          47.23          0.223       1.5       2.5
0.815               325         0.0362          74.34          0.294       1.5       2.5
0.815               515         0.0574          117.3          0.363       1.5       2.5
0.815               815         0.0909          185.4          0.508       1.5       2.5
0.815          1.29e+03          0.144          293.3          0.704       1.5       2.5
0.815          2.05e+03          0.228          464.4           1.41       1.5       2.5
0.815          3.25e+03          0.362          735.5           1.41       1.5       2.5
