0.000205           1.29          0.574           6309        0.00232       2.3       4.3
0.000325           1.29          0.362           3981        0.00222       2.3       4.3
0.000325           2.05          0.574           6308        0.00288       2.3       4.3
0.000515           1.29          0.228           2511        0.00218       2.3       4.3
0.000515           2.05          0.362           3980        0.00276       2.3       4.3
0.000515           3.25          0.574           6307        0.00346       2.3       4.3
0.000815           1.29          0.144           1584        0.00218       2.3       4.3
0.000815           2.05          0.228           2511        0.00271       2.3       4.3
0.000815           3.25          0.362           3979         0.0033       2.3       4.3
0.000815           5.15          0.574           6305        0.00419       2.3       4.3
0.00129            1.29         0.0909          999.6        0.00222       2.3       4.3
0.00129            2.05          0.144           1584        0.00272       2.3       4.3
0.00129            3.25          0.228           2510        0.00325       2.3       4.3
0.00129            5.15          0.362           3977        0.00402       2.3       4.3
0.00129            8.15          0.574           6302        0.00516       2.3       4.3
0.00205            1.29         0.0574          630.5        0.00227       2.3       4.3
0.00205            2.05         0.0909          998.8        0.00276       2.3       4.3
0.00205            3.25          0.144           1583        0.00326       2.3       4.3
0.00205            5.15          0.228           2508        0.00396       2.3       4.3
0.00205            8.15          0.362           3974        0.00496       2.3       4.3
0.00205            12.9          0.574           6298        0.00642       2.3       4.3
0.00325            1.29         0.0362          397.7        0.00234       2.3       4.3
0.00325            2.05         0.0574          629.8        0.00283       2.3       4.3
0.00325            3.25         0.0909          997.6        0.00331       2.3       4.3
0.00325            5.15          0.144           1581        0.00398       2.3       4.3
0.00325            8.15          0.228           2505        0.00489       2.3       4.3
0.00325            12.9          0.362           3969        0.00622       2.3       4.3
0.00325            20.5          0.574           6290        0.00817       2.3       4.3
0.00515            1.29         0.0228          250.8        0.00241       2.3       4.3
0.00515            2.05         0.0362          396.9        0.00292       2.3       4.3
0.00515            3.25         0.0574          628.6         0.0034       2.3       4.3
0.00515            5.15         0.0909          995.7        0.00406       2.3       4.3
0.00515            8.15          0.144           1578        0.00495       2.3       4.3
0.00515            12.9          0.228           2500        0.00617       2.3       4.3
0.00515            20.5          0.362           3961        0.00794       2.3       4.3
0.00515            32.5          0.574           6278         0.0105       2.3       4.3
0.00815            2.05         0.0228            250        0.00299       2.3       4.3
0.00815            3.25         0.0362          395.7         0.0035       2.3       4.3
0.00815            5.15         0.0574          626.7        0.00417       2.3       4.3
0.00815            8.15         0.0909          992.7        0.00506       2.3       4.3
0.00815            12.9          0.144           1573        0.00626       2.3       4.3
0.00815            20.5          0.228           2492        0.00791       2.3       4.3
0.00815            32.5          0.362           3949         0.0102       2.3       4.3
0.00815            51.5          0.574           6259         0.0136       2.3       4.3
0.0129             3.25         0.0228          248.8         0.0036       2.3       4.3
0.0129             5.15         0.0362          393.8         0.0043       2.3       4.3
0.0129             8.15         0.0574          623.7        0.00522       2.3       4.3
0.0129             12.9         0.0909            988        0.00641       2.3       4.3
0.0129             20.5          0.144           1565        0.00805       2.3       4.3
0.0129             32.5          0.228           2480         0.0103       2.3       4.3
0.0129             51.5          0.362           3930         0.0134       2.3       4.3
0.0129             81.5          0.574           6229         0.0181       2.3       4.3
0.0205             5.15         0.0228          246.9        0.00443       2.3       4.3
0.0205             8.15         0.0362          390.8        0.00538       2.3       4.3
0.0205             12.9         0.0574          618.9        0.00662       2.3       4.3
0.0205             20.5         0.0909          980.4        0.00829       2.3       4.3
0.0205             32.5          0.144           1553         0.0105       2.3       4.3
0.0205             51.5          0.228           2461         0.0135       2.3       4.3
0.0205             81.5          0.362           3900         0.0177       2.3       4.3
0.0205              129          0.574           6181         0.0239       2.3       4.3
0.0325             8.15         0.0228          243.9        0.00558       2.3       4.3
0.0325             12.9         0.0362          386.1        0.00687       2.3       4.3
0.0325             20.5         0.0574          611.4        0.00857       2.3       4.3
0.0325             32.5         0.0909          968.4         0.0108       2.3       4.3
0.0325             51.5          0.144           1534         0.0137       2.3       4.3
0.0325             81.5          0.228           2431         0.0178       2.3       4.3
0.0325              129          0.362           3853         0.0237       2.3       4.3
0.0325              205          0.574           6106         0.0322       2.3       4.3
0.0515             12.9         0.0228          239.1        0.00713       2.3       4.3
0.0515             20.5         0.0362          378.5        0.00892       2.3       4.3
0.0515             32.5         0.0574          599.4         0.0113       2.3       4.3
0.0515             51.5         0.0909          949.4         0.0143       2.3       4.3
0.0515             81.5          0.144           1504         0.0183       2.3       4.3
0.0515              129          0.228           2384         0.0238       2.3       4.3
0.0515              205          0.362           3777         0.0316       2.3       4.3
0.0515              325          0.574           5986         0.0434       2.3       4.3
0.0815             20.5         0.0228          231.6        0.00928       2.3       4.3
0.0815             32.5         0.0362          366.5         0.0116       2.3       4.3
0.0815             51.5         0.0574          580.4         0.0148       2.3       4.3
0.0815             81.5         0.0909          919.3         0.0189       2.3       4.3
0.0815              129          0.144           1457         0.0243       2.3       4.3
0.0815              205          0.228           2308         0.0321       2.3       4.3
0.0815              325          0.362           3657         0.0432       2.3       4.3
0.0815              515          0.574           5796         0.0586       2.3       4.3
0.129              32.5         0.0228          219.6         0.0123       2.3       4.3
0.129              51.5         0.0362          347.5         0.0156       2.3       4.3
0.129              81.5         0.0574          550.3         0.0198       2.3       4.3
0.129               129         0.0909          871.6         0.0257       2.3       4.3
0.129               205          0.144           1381         0.0327       2.3       4.3
0.129               325          0.228           2188         0.0439       2.3       4.3
0.129               515          0.362           3467         0.0581       2.3       4.3
0.129               815          0.574           5495         0.0792       2.3       4.3
0.205              51.5         0.0228          200.6         0.0168       2.3       4.3
0.205              81.5         0.0362          317.4         0.0213       2.3       4.3
0.205               129         0.0574          502.6         0.0276       2.3       4.3
0.205               205         0.0909            796         0.0362       2.3       4.3
0.205               325          0.144           1261         0.0457       2.3       4.3
0.205               515          0.228           1998         0.0618       2.3       4.3
0.205               815          0.362           3166          0.083       2.3       4.3
0.205          1.29e+03          0.574           5018           0.11       2.3       4.3
0.325              81.5         0.0228          170.5         0.0253       2.3       4.3
0.325               129         0.0362          269.7         0.0329       2.3       4.3
0.325               205         0.0574            427         0.0426       2.3       4.3
0.325               325         0.0909          676.2         0.0558       2.3       4.3
0.325               515          0.144           1071         0.0733       2.3       4.3
0.325               815          0.228           1697         0.0943       2.3       4.3
0.325          1.29e+03          0.362           2690          0.135       2.3       4.3
0.325          2.05e+03          0.574           4262          0.192       2.3       4.3
0.515               129         0.0228          122.8         0.0497       2.3       4.3
0.515               205         0.0362          194.1          0.065       2.3       4.3
0.515               325         0.0574          307.2          0.086       2.3       4.3
0.515               515         0.0909          486.3          0.113       2.3       4.3
0.515               815          0.144          770.3          0.146       2.3       4.3
0.515          1.29e+03          0.228           1220          0.208       2.3       4.3
0.515          2.05e+03          0.362           1934          0.296       2.3       4.3
0.515          3.25e+03          0.574           3064          0.412       2.3       4.3
0.815               205         0.0228          47.23          0.223       2.3       4.3
0.815               325         0.0362          74.34          0.294       2.3       4.3
0.815               515         0.0574          117.3          0.363       2.3       4.3
0.815               815         0.0909          185.4          0.508       2.3       4.3
0.815          1.29e+03          0.144          293.3          0.704       2.3       4.3
0.815          2.05e+03          0.228          464.4           1.41       2.3       4.3
0.815          3.25e+03          0.362          735.5           1.41       2.3       4.3
