0.000515          0.515         0.0505           1000          0.298       1.5       2.5
0.000815          0.515         0.0319          631.3         0.0111       1.5       2.5
0.000815          0.815         0.0505           1000         0.0204       1.5       2.5
0.00129           0.515         0.0201          398.5        0.00933       1.5       2.5
0.00129           0.815         0.0319            631        0.00827       1.5       2.5
0.00129            1.29         0.0505          999.6         0.0247       1.5       2.5
0.00205           0.515         0.0127          251.6        0.00888       1.5       2.5
0.00205           0.815         0.0201          398.2        0.00741       1.5       2.5
0.00205            1.29         0.0319          630.5         0.0101       1.5       2.5
0.00205            2.05         0.0505          998.8         0.0312       1.5       2.5
0.00325           0.515          0.008          158.9        0.00864       2.5       2.5
0.00325           0.815         0.0127          251.3        0.00708       1.5       2.5
0.00325            1.29         0.0201          397.7        0.00905       1.5       2.5
0.00325            2.05         0.0319          629.8         0.0127       1.5       2.5
0.00325            3.25         0.0505          997.6         0.0378       1.5       2.5
0.00515           0.515        0.00505          100.4        0.00855       2.5       2.5
0.00515           0.815          0.008          158.6        0.00694       2.5       2.5
0.00515            1.29         0.0127          250.8        0.00864       1.5       2.5
0.00515            2.05         0.0201          396.9         0.0113       1.5       2.5
0.00515            3.25         0.0319          628.6         0.0152       1.5       2.5
0.00515            5.15         0.0505          995.7          0.046       1.5       2.5
0.00815           0.515        0.00319          63.46         0.0086       2.5       2.5
0.00815           0.815        0.00505          100.1        0.00689       2.5       2.5
0.00815            1.29          0.008          158.1        0.00845       2.5       2.5
0.00815            2.05         0.0127            250         0.0108       1.5       2.5
0.00815            3.25         0.0201          395.7         0.0136       1.5       2.5
0.00815            5.15         0.0319          626.7         0.0186       1.5       2.5
0.00815            8.15         0.0505          992.7         0.0569       1.5       2.5
0.0129            0.515        0.00201          40.18        0.00866       2.5       2.5
0.0129            0.815        0.00319          63.16        0.00693       2.5       2.5
0.0129             1.29        0.00505          99.59        0.00838       2.5       2.5
0.0129             2.05          0.008          157.3         0.0105       2.5       2.5
0.0129             3.25         0.0127          248.8         0.0129       1.5       2.5
0.0129             5.15         0.0201          393.8         0.0167       1.5       2.5
0.0129             8.15         0.0319          623.7         0.0233       1.5       2.5
0.0129             12.9         0.0505            988         0.0708       1.5       2.5
0.0205            0.815        0.00201          39.88        0.00701       2.5       2.5
0.0205             1.29        0.00319          62.68        0.00842       2.5       2.5
0.0205             2.05        0.00505          98.83         0.0104       2.5       2.5
0.0205             3.25          0.008          156.1         0.0126       2.5       2.5
0.0205             5.15         0.0127          246.9          0.016       1.5       2.5
0.0205             8.15         0.0201          390.8          0.021       1.5       2.5
0.0205             12.9         0.0319          618.9         0.0295       1.5       2.5
0.0205             20.5         0.0505          980.4         0.0919       1.5       2.5
0.0325             1.29        0.00201           39.4        0.00849       2.5       2.5
0.0325             2.05        0.00319          61.93         0.0104       2.5       2.5
0.0325             3.25        0.00505          97.63         0.0125       2.5       2.5
0.0325             5.15          0.008          154.2         0.0156       2.5       2.5
0.0325             8.15         0.0127          243.9         0.0201       1.5       2.5
0.0325             12.9         0.0201          386.1         0.0267       1.5       2.5
0.0325             20.5         0.0319          611.4         0.0383       1.5       2.5
0.0325             32.5         0.0505          968.4           0.12       1.5       2.5
0.0515             2.05        0.00201          38.64         0.0104       2.5       2.5
0.0515             3.25        0.00319          60.73         0.0126       2.5       2.5
0.0515             5.15        0.00505          95.74         0.0155       2.5       2.5
0.0515             8.15          0.008          151.2         0.0197       2.5       2.5
0.0515             12.9         0.0127          239.1         0.0257       1.5       2.5
0.0515             20.5         0.0201          378.5         0.0344       1.5       2.5
0.0515             32.5         0.0319          599.4         0.0495       1.5       2.5
0.0515             51.5         0.0505          949.4          0.157       1.5       2.5
0.0815             3.25        0.00201          37.44         0.0127       2.5       2.5
0.0815             5.15        0.00319          58.83         0.0157       2.5       2.5
0.0815             8.15        0.00505          92.73         0.0198       2.5       2.5
0.0815             12.9          0.008          146.4         0.0254       2.5       2.5
0.0815             20.5         0.0127          231.6         0.0334       1.5       2.5
0.0815             32.5         0.0201          366.5         0.0453       1.5       2.5
0.0815             51.5         0.0319          580.4         0.0653       1.5       2.5
0.0815             81.5         0.0505          919.3          0.211       1.5       2.5
0.129              5.15        0.00201          35.55         0.0159       2.5       2.5
0.129              8.15        0.00319          55.82           0.02       2.5       2.5
0.129              12.9        0.00505          87.96         0.0253       2.5       2.5
0.129              20.5          0.008          138.9          0.033       2.5       2.5
0.129              32.5         0.0127          219.6         0.0438       1.5       2.5
0.129              51.5         0.0201          347.5         0.0602       1.5       2.5
0.129              81.5         0.0319          550.3         0.0872       1.5       2.5
0.129               129         0.0505          871.6          0.276       1.5       2.5
0.205              8.15        0.00201          32.54         0.0209       2.5       2.5
0.205              12.9        0.00319          51.05         0.0265       2.5       2.5
0.205              20.5        0.00505           80.4         0.0345       2.5       2.5
0.205              32.5          0.008          126.9         0.0451       2.5       2.5
0.205              51.5         0.0127          200.6         0.0604       1.5       2.5
0.205              81.5         0.0201          317.4         0.0816       1.5       2.5
0.205               129         0.0319          502.6           0.12       1.5       2.5
0.205               205         0.0505            796          0.411       1.5       2.5
0.325              12.9        0.00201          27.77         0.0306       2.5       2.5
0.325              20.5        0.00319          43.49         0.0394       2.5       2.5
0.325              32.5        0.00505          68.42         0.0513       2.5       2.5
0.325              51.5          0.008          107.9         0.0677       2.5       2.5
0.325              81.5         0.0127          170.5         0.0915       1.5       2.5
0.325               129         0.0201          269.7          0.126       1.5       2.5
0.325               205         0.0319            427          0.188       1.5       2.5
0.515              20.5        0.00201          20.21          0.058       2.5       2.5
0.515              32.5        0.00319          31.51         0.0752       2.5       2.5
0.515              51.5        0.00505          49.43            0.1       2.5       2.5
0.515              81.5          0.008          77.82          0.132       2.5       2.5
0.515               129         0.0127          122.8          0.178       1.5       2.5
0.515               205         0.0201          194.1          0.257       1.5       2.5
0.515               325         0.0319          307.2          0.357       1.5       2.5
0.815              32.5        0.00201          8.226          0.238       2.5       2.5
0.815              51.5        0.00319          12.52          0.299       2.5       2.5
0.815              81.5        0.00505          19.33          0.427       2.5       2.5
0.815               129          0.008          30.13          0.596       2.5       2.5
