0.00129            1.29         0.0505          999.6         0.0247       2.3       4.3
0.00205            1.29         0.0319          630.5         0.0101       2.3       4.3
0.00205            2.05         0.0505          998.8         0.0312       2.3       4.3
0.00325            1.29         0.0201          397.7        0.00905       2.3       4.3
0.00325            2.05         0.0319          629.8         0.0127       2.3       4.3
0.00325            3.25         0.0505          997.6         0.0378       2.3       4.3
0.00515            2.05         0.0201          396.9         0.0113       2.3       4.3
0.00515            3.25         0.0319          628.6         0.0152       2.3       4.3
0.00515            5.15         0.0505          995.7          0.046       2.3       4.3
0.00815            3.25         0.0201          395.7         0.0136       2.3       4.3
0.00815            5.15         0.0319          626.7         0.0186       2.3       4.3
0.00815            8.15         0.0505          992.7         0.0569       2.3       4.3
0.0129             5.15         0.0201          393.8         0.0167       2.3       4.3
0.0129             8.15         0.0319          623.7         0.0233       2.3       4.3
0.0129             12.9         0.0505            988         0.0708       2.3       4.3
0.0205             8.15         0.0201          390.8          0.021       2.3       4.3
0.0205             12.9         0.0319          618.9         0.0295       2.3       4.3
0.0205             20.5         0.0505          980.4         0.0919       2.3       4.3
0.0325             12.9         0.0201          386.1         0.0267       2.3       4.3
0.0325             20.5         0.0319          611.4         0.0383       2.3       4.3
0.0325             32.5         0.0505          968.4           0.12       2.3       4.3
0.0515             20.5         0.0201          378.5         0.0344       2.3       4.3
0.0515             32.5         0.0319          599.4         0.0495       2.3       4.3
0.0515             51.5         0.0505          949.4          0.157       2.3       4.3
0.0815             32.5         0.0201          366.5         0.0453       2.3       4.3
0.0815             51.5         0.0319          580.4         0.0653       2.3       4.3
0.0815             81.5         0.0505          919.3          0.211       2.3       4.3
0.129              51.5         0.0201          347.5         0.0602       2.3       4.3
0.129              81.5         0.0319          550.3         0.0872       2.3       4.3
0.129               129         0.0505          871.6          0.276       2.3       4.3
0.205              81.5         0.0201          317.4         0.0816       2.3       4.3
0.205               129         0.0319          502.6           0.12       2.3       4.3
0.205               205         0.0505            796          0.411       2.3       4.3
0.325               129         0.0201          269.7          0.126       2.3       4.3
0.325               205         0.0319            427          0.188       2.3       4.3
0.515               205         0.0201          194.1          0.257       2.3       4.3
0.515               325         0.0319          307.2          0.357       2.3       4.3
