0.000325          0.515          0.396           1585        0.00804       1.5       2.5
0.000515          0.515           0.25           1000        0.00775       1.5       2.5
0.000515          0.815          0.396           1585        0.00639       1.5       2.5
0.000815          0.515          0.158          631.3        0.00766       1.5       2.5
0.000815          0.815           0.25           1000        0.00621       1.5       2.5
0.000815           1.29          0.396           1584        0.00777       1.5       2.5
0.00129           0.515         0.0995          398.5        0.00772       1.5       2.5
0.00129           0.815          0.158            631        0.00618       1.5       2.5
0.00129            1.29           0.25          999.6        0.00757       1.5       2.5
0.00129            2.05          0.396           1584        0.00967       1.5       2.5
0.00205           0.515         0.0628          251.6        0.00784       1.5       2.5
0.00205           0.815         0.0995          398.2        0.00622       1.5       2.5
0.00205            1.29          0.158          630.5        0.00753       1.5       2.5
0.00205            2.05           0.25          998.8        0.00944       1.5       2.5
0.00205            3.25          0.396           1583         0.0117       1.5       2.5
0.00325           0.515         0.0396          158.9          0.008       1.5       2.5
0.00325           0.815         0.0628          251.3        0.00633       1.5       2.5
0.00325            1.29         0.0995          397.7         0.0076       1.5       2.5
0.00325            2.05          0.158          629.8        0.00941       1.5       2.5
0.00325            3.25           0.25          997.6         0.0113       1.5       2.5
0.00325            5.15          0.396           1581         0.0143       1.5       2.5
0.00515           0.515          0.025          100.4         0.0082       1.5       2.5
0.00515           0.815         0.0396          158.6        0.00648       1.5       2.5
0.00515            1.29         0.0628          250.8        0.00772       1.5       2.5
0.00515            2.05         0.0995          396.9        0.00946       1.5       2.5
0.00515            3.25          0.158          628.6         0.0113       1.5       2.5
0.00515            5.15           0.25          995.7         0.0138       1.5       2.5
0.00515            8.15          0.396           1578         0.0177       1.5       2.5
0.00815           0.515         0.0158          63.46        0.00838       1.5       2.5
0.00815           0.815          0.025          100.1        0.00663       1.5       2.5
0.00815            1.29         0.0396          158.1         0.0079       1.5       2.5
0.00815            2.05         0.0628            250        0.00965       1.5       2.5
0.00815            3.25         0.0995          395.7         0.0114       1.5       2.5
0.00815            5.15          0.158          626.7         0.0138       1.5       2.5
0.00815            8.15           0.25          992.7         0.0172       1.5       2.5
0.00815            12.9          0.396           1573         0.0222       1.5       2.5
0.0129            0.515        0.00995          40.18        0.00858       2.5       2.5
0.0129            0.815         0.0158          63.16         0.0068       1.5       2.5
0.0129             1.29          0.025          99.59         0.0081       1.5       2.5
0.0129             2.05         0.0396          157.3         0.0098       1.5       2.5
0.0129             3.25         0.0628          248.8         0.0116       1.5       2.5
0.0129             5.15         0.0995          393.8          0.014       1.5       2.5
0.0129             8.15          0.158          623.7         0.0172       1.5       2.5
0.0129             12.9           0.25            988         0.0219       1.5       2.5
0.0129             20.5          0.396           1565         0.0286       1.5       2.5
0.0205            0.515        0.00628          25.48        0.00875       2.5       2.5
0.0205            0.815        0.00995          39.88        0.00696       2.5       2.5
0.0205             1.29         0.0158          62.68        0.00826       1.5       2.5
0.0205             2.05          0.025          98.83           0.01       1.5       2.5
0.0205             3.25         0.0396          156.1         0.0118       1.5       2.5
0.0205             5.15         0.0628          246.9         0.0143       1.5       2.5
0.0205             8.15         0.0995          390.8         0.0175       1.5       2.5
0.0205             12.9          0.158          618.9         0.0219       1.5       2.5
0.0205             20.5           0.25          980.4         0.0284       1.5       2.5
0.0205             32.5          0.396           1553         0.0372       1.5       2.5
0.0325            0.515        0.00396          16.21        0.00908       2.5       2.5
0.0325            0.815        0.00628          25.18        0.00707       2.5       2.5
0.0325             1.29        0.00995           39.4        0.00843       2.5       2.5
0.0325             2.05         0.0158          61.93         0.0102       1.5       2.5
0.0325             3.25          0.025          97.63          0.012       1.5       2.5
0.0325             5.15         0.0396          154.2         0.0146       1.5       2.5
0.0325             8.15         0.0628          243.9         0.0179       1.5       2.5
0.0325             12.9         0.0995          386.1         0.0225       1.5       2.5
0.0325             20.5          0.158          611.4         0.0285       1.5       2.5
0.0325             32.5           0.25          968.4         0.0366       1.5       2.5
0.0325             51.5          0.396           1534          0.049       1.5       2.5
0.0515            0.515         0.0025          10.37         0.0102       2.5       2.5
0.0515            0.815        0.00396          15.91        0.00753       2.5       2.5
0.0515             1.29        0.00628          24.71         0.0086       2.5       2.5
0.0515             2.05        0.00995          38.64         0.0103       2.5       2.5
0.0515             3.25         0.0158          60.73         0.0123       1.5       2.5
0.0515             5.15          0.025          95.74         0.0149       1.5       2.5
0.0515             8.15         0.0396          151.2         0.0185       1.5       2.5
0.0515             12.9         0.0628          239.1          0.023       1.5       2.5
0.0515             20.5         0.0995          378.5          0.029       1.5       2.5
0.0515             32.5          0.158          599.4         0.0371       1.5       2.5
0.0515             51.5           0.25          949.4         0.0479       1.5       2.5
0.0515             81.5          0.396           1504         0.0669       1.5       2.5
0.0815            0.815         0.0025          10.06        0.00801       2.5       2.5
0.0815             1.29        0.00396          15.44        0.00895       2.5       2.5
0.0815             2.05        0.00628          23.95         0.0105       2.5       2.5
0.0815             3.25        0.00995          37.44         0.0126       2.5       2.5
0.0815             5.15         0.0158          58.83         0.0153       1.5       2.5
0.0815             8.15          0.025          92.73         0.0189       1.5       2.5
0.0815             12.9         0.0396          146.4         0.0237       1.5       2.5
0.0815             20.5         0.0628          231.6         0.0299       1.5       2.5
0.0815             32.5         0.0995          366.5         0.0382       1.5       2.5
0.0815             51.5          0.158          580.4         0.0487       1.5       2.5
0.0815             81.5           0.25          919.3         0.0656       1.5       2.5
0.0815              129          0.396           1457         0.0856       1.5       2.5
0.129              1.29         0.0025          9.588        0.00927       2.5       2.5
0.129              2.05        0.00396          14.68         0.0108       2.5       2.5
0.129              3.25        0.00628          22.75         0.0129       2.5       2.5
0.129              5.15        0.00995          35.55         0.0158       2.5       2.5
0.129              8.15         0.0158          55.82         0.0197       1.5       2.5
0.129              12.9          0.025          87.96         0.0245       1.5       2.5
0.129              20.5         0.0396          138.9          0.031       1.5       2.5
0.129              32.5         0.0628          219.6         0.0396       1.5       2.5
0.129              51.5         0.0995          347.5         0.0511       1.5       2.5
0.129              81.5          0.158          550.3         0.0642       1.5       2.5
0.129               129           0.25          871.6         0.0871       1.5       2.5
0.129               205          0.396           1381          0.117       1.5       2.5
0.205              2.05         0.0025          8.832         0.0114       2.5       2.5
0.205              3.25        0.00396          13.48         0.0136       2.5       2.5
0.205              5.15        0.00628          20.85         0.0167       2.5       2.5
0.205              8.15        0.00995          32.54         0.0207       2.5       2.5
0.205              12.9         0.0158          51.05          0.026       1.5       2.5
0.205              20.5          0.025           80.4         0.0332       1.5       2.5
0.205              32.5         0.0396          126.9         0.0421       1.5       2.5
0.205              51.5         0.0628          200.6         0.0538       1.5       2.5
0.205              81.5         0.0995          317.4         0.0701       1.5       2.5
0.205               129          0.158          502.6         0.0921       1.5       2.5
0.205               205           0.25            796          0.119       1.5       2.5
0.205               325          0.396           1261           0.16       1.5       2.5
0.325              3.25         0.0025          7.634         0.0156       2.5       2.5
0.325              5.15        0.00396          11.58         0.0191       2.5       2.5
0.325              8.15        0.00628          17.84         0.0238       2.5       2.5
0.325              12.9        0.00995          27.77         0.0301       2.5       2.5
0.325              20.5         0.0158          43.49         0.0383       1.5       2.5
0.325              32.5          0.025          68.42         0.0488       1.5       2.5
0.325              51.5         0.0396          107.9          0.063       1.5       2.5
0.325              81.5         0.0628          170.5         0.0828       1.5       2.5
0.325               129         0.0995          269.7          0.107       1.5       2.5
0.325               205          0.158            427          0.141       1.5       2.5
0.325               325           0.25          676.2           0.19       1.5       2.5
0.325               515          0.396           1071          0.255       1.5       2.5
0.515              5.15         0.0025          5.735          0.029       2.5       2.5
0.515              8.15        0.00396          8.575         0.0351       2.5       2.5
0.515              12.9        0.00628          13.07         0.0443       2.5       2.5
0.515              20.5        0.00995          20.21         0.0572       2.5       2.5
0.515              32.5         0.0158          31.51         0.0741       1.5       2.5
0.515              51.5          0.025          49.43         0.0962       1.5       2.5
0.515              81.5         0.0396          77.82          0.119       1.5       2.5
0.515               129         0.0628          122.8          0.159       1.5       2.5
0.515               205         0.0995          194.1          0.208       1.5       2.5
0.515               325          0.158          307.2          0.297       1.5       2.5
0.515               515           0.25          486.3          0.363       1.5       2.5
0.815              8.15         0.0025          2.726          0.127       2.5       2.5
0.815              12.9        0.00396          3.805           0.14       2.5       2.5
0.815              20.5        0.00628          5.515          0.178       2.5       2.5
0.815              32.5        0.00995          8.226          0.219       2.5       2.5
0.815              51.5         0.0158          12.52          0.296       1.5       2.5
0.815              81.5          0.025          19.33           0.41       1.5       2.5
