0.000815           1.29          0.396           1584        0.00777       2.3       4.3
0.00129            1.29           0.25          999.6        0.00757       2.3       4.3
0.00129            2.05          0.396           1584        0.00967       2.3       4.3
0.00205            1.29          0.158          630.5        0.00753       2.3       4.3
0.00205            2.05           0.25          998.8        0.00944       2.3       4.3
0.00205            3.25          0.396           1583         0.0117       2.3       4.3
0.00325            1.29         0.0995          397.7         0.0076       2.3       4.3
0.00325            2.05          0.158          629.8        0.00941       2.3       4.3
0.00325            3.25           0.25          997.6         0.0113       2.3       4.3
0.00325            5.15          0.396           1581         0.0143       2.3       4.3
0.00515            1.29         0.0628          250.8        0.00772       2.3       4.3
0.00515            2.05         0.0995          396.9        0.00946       2.3       4.3
0.00515            3.25          0.158          628.6         0.0113       2.3       4.3
0.00515            5.15           0.25          995.7         0.0138       2.3       4.3
0.00515            8.15          0.396           1578         0.0177       2.3       4.3
0.00815            1.29         0.0396          158.1         0.0079       2.3       4.3
0.00815            2.05         0.0628            250        0.00965       2.3       4.3
0.00815            3.25         0.0995          395.7         0.0114       2.3       4.3
0.00815            5.15          0.158          626.7         0.0138       2.3       4.3
0.00815            8.15           0.25          992.7         0.0172       2.3       4.3
0.00815            12.9          0.396           1573         0.0222       2.3       4.3
0.0129             1.29          0.025          99.59         0.0081       2.3       4.3
0.0129             2.05         0.0396          157.3         0.0098       2.3       4.3
0.0129             3.25         0.0628          248.8         0.0116       2.3       4.3
0.0129             5.15         0.0995          393.8          0.014       2.3       4.3
0.0129             8.15          0.158          623.7         0.0172       2.3       4.3
0.0129             12.9           0.25            988         0.0219       2.3       4.3
0.0129             20.5          0.396           1565         0.0286       2.3       4.3
0.0205             2.05          0.025          98.83           0.01       2.3       4.3
0.0205             3.25         0.0396          156.1         0.0118       2.3       4.3
0.0205             5.15         0.0628          246.9         0.0143       2.3       4.3
0.0205             8.15         0.0995          390.8         0.0175       2.3       4.3
0.0205             12.9          0.158          618.9         0.0219       2.3       4.3
0.0205             20.5           0.25          980.4         0.0284       2.3       4.3
0.0205             32.5          0.396           1553         0.0372       2.3       4.3
0.0325             3.25          0.025          97.63          0.012       2.3       4.3
0.0325             5.15         0.0396          154.2         0.0146       2.3       4.3
0.0325             8.15         0.0628          243.9         0.0179       2.3       4.3
0.0325             12.9         0.0995          386.1         0.0225       2.3       4.3
0.0325             20.5          0.158          611.4         0.0285       2.3       4.3
0.0325             32.5           0.25          968.4         0.0366       2.3       4.3
0.0325             51.5          0.396           1534          0.049       2.3       4.3
0.0515             5.15          0.025          95.74         0.0149       2.3       4.3
0.0515             8.15         0.0396          151.2         0.0185       2.3       4.3
0.0515             12.9         0.0628          239.1          0.023       2.3       4.3
0.0515             20.5         0.0995          378.5          0.029       2.3       4.3
0.0515             32.5          0.158          599.4         0.0371       2.3       4.3
0.0515             51.5           0.25          949.4         0.0479       2.3       4.3
0.0515             81.5          0.396           1504         0.0669       2.3       4.3
0.0815             8.15          0.025          92.73         0.0189       2.3       4.3
0.0815             12.9         0.0396          146.4         0.0237       2.3       4.3
0.0815             20.5         0.0628          231.6         0.0299       2.3       4.3
0.0815             32.5         0.0995          366.5         0.0382       2.3       4.3
0.0815             51.5          0.158          580.4         0.0487       2.3       4.3
0.0815             81.5           0.25          919.3         0.0656       2.3       4.3
0.0815              129          0.396           1457         0.0856       2.3       4.3
0.129              12.9          0.025          87.96         0.0245       2.3       4.3
0.129              20.5         0.0396          138.9          0.031       2.3       4.3
0.129              32.5         0.0628          219.6         0.0396       2.3       4.3
0.129              51.5         0.0995          347.5         0.0511       2.3       4.3
0.129              81.5          0.158          550.3         0.0642       2.3       4.3
0.129               129           0.25          871.6         0.0871       2.3       4.3
0.129               205          0.396           1381          0.117       2.3       4.3
0.205              20.5          0.025           80.4         0.0332       2.3       4.3
0.205              32.5         0.0396          126.9         0.0421       2.3       4.3
0.205              51.5         0.0628          200.6         0.0538       2.3       4.3
0.205              81.5         0.0995          317.4         0.0701       2.3       4.3
0.205               129          0.158          502.6         0.0921       2.3       4.3
0.205               205           0.25            796          0.119       2.3       4.3
0.205               325          0.396           1261           0.16       2.3       4.3
0.325              32.5          0.025          68.42         0.0488       2.3       4.3
0.325              51.5         0.0396          107.9          0.063       2.3       4.3
0.325              81.5         0.0628          170.5         0.0828       2.3       4.3
0.325               129         0.0995          269.7          0.107       2.3       4.3
0.325               205          0.158            427          0.141       2.3       4.3
0.325               325           0.25          676.2           0.19       2.3       4.3
0.325               515          0.396           1071          0.255       2.3       4.3
0.515              51.5          0.025          49.43         0.0962       2.3       4.3
0.515              81.5         0.0396          77.82          0.119       2.3       4.3
0.515               129         0.0628          122.8          0.159       2.3       4.3
0.515               205         0.0995          194.1          0.208       2.3       4.3
0.515               325          0.158          307.2          0.297       2.3       4.3
0.515               515           0.25          486.3          0.363       2.3       4.3
0.815              81.5          0.025          19.33           0.41       2.3       4.3
