0.00129            1.29            0.5          999.6        0.00844       2.3       4.3
0.00205            1.29          0.315          630.5         0.0081       2.3       4.3
0.00205            2.05            0.5          998.8         0.0106       2.3       4.3
0.00325            1.29          0.199          397.7        0.00795       2.3       4.3
0.00325            2.05          0.315          629.8         0.0101       2.3       4.3
0.00325            3.25            0.5          997.6         0.0127       2.3       4.3
0.00515            1.29          0.126          250.8        0.00796       2.3       4.3
0.00515            2.05          0.199          396.9        0.00989       2.3       4.3
0.00515            3.25          0.315          628.6         0.0121       2.3       4.3
0.00515            5.15            0.5          995.7         0.0156       2.3       4.3
0.00815            1.29         0.0792          158.1        0.00802       2.3       4.3
0.00815            2.05          0.126            250        0.00987       2.3       4.3
0.00815            3.25          0.199          395.7         0.0119       2.3       4.3
0.00815            5.15          0.315          626.7         0.0149       2.3       4.3
0.00815            8.15            0.5          992.7         0.0194       2.3       4.3
0.0129             1.29           0.05          99.59        0.00813       2.3       4.3
0.0129             2.05         0.0792          157.3        0.00997       2.3       4.3
0.0129             3.25          0.126          248.8         0.0119       2.3       4.3
0.0129             5.15          0.199          393.8         0.0146       2.3       4.3
0.0129             8.15          0.315          623.7         0.0187       2.3       4.3
0.0129             12.9            0.5            988         0.0245       2.3       4.3
0.0205             1.29         0.0315          62.68        0.00828       2.3       4.3
0.0205             2.05           0.05          98.83         0.0101       2.3       4.3
0.0205             3.25         0.0792          156.1          0.012       2.3       4.3
0.0205             5.15          0.126          246.9         0.0147       2.3       4.3
0.0205             8.15          0.199          390.8         0.0183       2.3       4.3
0.0205             12.9          0.315          618.9         0.0236       2.3       4.3
0.0205             20.5            0.5          980.4         0.0315       2.3       4.3
0.0325             1.29         0.0199           39.4        0.00842       2.3       4.3
0.0325             2.05         0.0315          61.93         0.0102       2.3       4.3
0.0325             3.25           0.05          97.63         0.0121       2.3       4.3
0.0325             5.15         0.0792          154.2         0.0148       2.3       4.3
0.0325             8.15          0.126          243.9         0.0184       2.3       4.3
0.0325             12.9          0.199          386.1         0.0234       2.3       4.3
0.0325             20.5          0.315          611.4         0.0306       2.3       4.3
0.0325             32.5            0.5          968.4         0.0413       2.3       4.3
0.0515             2.05         0.0199          38.64         0.0104       2.3       4.3
0.0515             3.25         0.0315          60.73         0.0124       2.3       4.3
0.0515             5.15           0.05          95.74          0.015       2.3       4.3
0.0515             8.15         0.0792          151.2         0.0188       2.3       4.3
0.0515             12.9          0.126          239.1         0.0235       2.3       4.3
0.0515             20.5          0.199          378.5         0.0303       2.3       4.3
0.0515             32.5          0.315          599.4         0.0402       2.3       4.3
0.0515             51.5            0.5          949.4         0.0539       2.3       4.3
0.0815             3.25         0.0199          37.44         0.0126       2.3       4.3
0.0815             5.15         0.0315          58.83         0.0153       2.3       4.3
0.0815             8.15           0.05          92.73         0.0191       2.3       4.3
0.0815             12.9         0.0792          146.4         0.0241       2.3       4.3
0.0815             20.5          0.126          231.6         0.0306       2.3       4.3
0.0815             32.5          0.199          366.5         0.0393       2.3       4.3
0.0815             51.5          0.315          580.4         0.0529       2.3       4.3
0.0815             81.5            0.5          919.3         0.0713       2.3       4.3
0.129              5.15         0.0199          35.55         0.0158       2.3       4.3
0.129              8.15         0.0315          55.82         0.0196       2.3       4.3
0.129              12.9           0.05          87.96         0.0247       2.3       4.3
0.129              20.5         0.0792          138.9          0.031       2.3       4.3
0.129              32.5          0.126          219.6         0.0405       2.3       4.3
0.129              51.5          0.199          347.5         0.0531       2.3       4.3
0.129              81.5          0.315          550.3         0.0718       2.3       4.3
0.129               129            0.5          871.6         0.0962       2.3       4.3
0.205              8.15         0.0199          32.54         0.0207       2.3       4.3
0.205              12.9         0.0315          51.05         0.0259       2.3       4.3
0.205              20.5           0.05           80.4         0.0335       2.3       4.3
0.205              32.5         0.0792          126.9          0.043       2.3       4.3
0.205              51.5          0.126          200.6          0.055       2.3       4.3
0.205              81.5          0.199          317.4         0.0729       2.3       4.3
0.205               129          0.315          502.6         0.0959       2.3       4.3
0.205               205            0.5            796          0.132       2.3       4.3
0.325              12.9         0.0199          27.77         0.0301       2.3       4.3
0.325              20.5         0.0315          43.49         0.0384       2.3       4.3
0.325              32.5           0.05          68.42         0.0502       2.3       4.3
0.325              51.5         0.0792          107.9         0.0639       2.3       4.3
0.325              81.5          0.126          170.5          0.084       2.3       4.3
0.325               129          0.199          269.7          0.112       2.3       4.3
0.325               205          0.315            427          0.152       2.3       4.3
0.325               325            0.5          676.2          0.221       2.3       4.3
0.515              20.5         0.0199          20.21         0.0566       2.3       4.3
0.515              32.5         0.0315          31.51         0.0728       2.3       4.3
0.515              51.5           0.05          49.43         0.0957       2.3       4.3
0.515              81.5         0.0792          77.82          0.129       2.3       4.3
0.515               129          0.126          122.8          0.164       2.3       4.3
0.515               205          0.199          194.1          0.229       2.3       4.3
0.515               325          0.315          307.2          0.311       2.3       4.3
0.515               515            0.5          486.3          0.424       2.3       4.3
0.815              32.5         0.0199          8.226          0.233       2.3       4.3
0.815              51.5         0.0315          12.52          0.294       2.3       4.3
0.815              81.5           0.05          19.33          0.393       2.3       4.3
0.815               129         0.0792          30.13          0.507       2.3       4.3
