5.15e-05          0.515          0.505          1e+04        0.00711       1.5       2.5
8.15e-05          0.515          0.319           6310        0.00679       1.5       2.5
8.15e-05          0.815          0.505          1e+04        0.00566       1.5       2.5
0.000129          0.515          0.201           3981        0.00666       1.5       2.5
0.000129          0.815          0.319           6310        0.00544       1.5       2.5
0.000129           1.29          0.505          1e+04        0.00681       1.5       2.5
0.000205          0.515          0.127           2512        0.00667       1.5       2.5
0.000205          0.815          0.201           3981        0.00536       1.5       2.5
0.000205           1.29          0.319           6309        0.00654       1.5       2.5
0.000205           2.05          0.505           9999         0.0084       1.5       2.5
0.000325          0.515           0.08           1585        0.00677       1.5       2.5
0.000325          0.815          0.127           2512        0.00539       1.5       2.5
0.000325           1.29          0.201           3981        0.00647       1.5       2.5
0.000325           2.05          0.319           6308         0.0081       1.5       2.5
0.000325           3.25          0.505           9998         0.0101       1.5       2.5
0.000515          0.515         0.0505           1000        0.00694       1.5       2.5
0.000515          0.815           0.08           1585        0.00548       1.5       2.5
0.000515           1.29          0.127           2511        0.00652       1.5       2.5
0.000515           2.05          0.201           3980        0.00803       1.5       2.5
0.000515           3.25          0.319           6307        0.00973       1.5       2.5
0.000515           5.15          0.505           9996         0.0122       1.5       2.5
0.000815          0.515         0.0319          631.3        0.00714       1.5       2.5
0.000815          0.815         0.0505           1000        0.00562       1.5       2.5
0.000815           1.29           0.08           1584        0.00665       1.5       2.5
0.000815           2.05          0.127           2511        0.00811       1.5       2.5
0.000815           3.25          0.201           3979        0.00963       1.5       2.5
0.000815           5.15          0.319           6305         0.0118       1.5       2.5
0.000815           8.15          0.505           9993          0.015       1.5       2.5
0.00129           0.515         0.0201          398.5        0.00738       1.5       2.5
0.00129           0.815         0.0319            631         0.0058       1.5       2.5
0.00129            1.29         0.0505          999.6        0.00684       1.5       2.5
0.00129            2.05           0.08           1584         0.0083       1.5       2.5
0.00129            3.25          0.127           2510        0.00973       1.5       2.5
0.00129            5.15          0.201           3977         0.0117       1.5       2.5
0.00129            8.15          0.319           6302         0.0145       1.5       2.5
0.00129            12.9          0.505           9988         0.0186       1.5       2.5
0.00205           0.515         0.0127          251.6        0.00763       1.5       2.5
0.00205           0.815         0.0201          398.2        0.00599       1.5       2.5
0.00205            1.29         0.0319          630.5        0.00707       1.5       2.5
0.00205            2.05         0.0505          998.8        0.00853       1.5       2.5
0.00205            3.25           0.08           1583        0.00995       1.5       2.5
0.00205            5.15          0.127           2508         0.0119       1.5       2.5
0.00205            8.15          0.201           3974         0.0145       1.5       2.5
0.00205            12.9          0.319           6298         0.0182       1.5       2.5
0.00205            20.5          0.505           9980         0.0235       1.5       2.5
0.00325           0.515          0.008          158.9        0.00787       2.5       2.5
0.00325           0.815         0.0127          251.3        0.00619       1.5       2.5
0.00325            1.29         0.0201          397.7        0.00731       1.5       2.5
0.00325            2.05         0.0319          629.8        0.00882       1.5       2.5
0.00325            3.25         0.0505          997.6         0.0103       1.5       2.5
0.00325            5.15           0.08           1581         0.0122       1.5       2.5
0.00325            8.15          0.127           2505         0.0147       1.5       2.5
0.00325            12.9          0.201           3969         0.0182       1.5       2.5
0.00325            20.5          0.319           6290          0.023       1.5       2.5
0.00325            32.5          0.505           9968           0.03       1.5       2.5
0.00515           0.515        0.00505          100.4        0.00812       2.5       2.5
0.00515           0.815          0.008          158.6        0.00639       2.5       2.5
0.00515            1.29         0.0127          250.8        0.00756       1.5       2.5
0.00515            2.05         0.0201          396.9        0.00912       1.5       2.5
0.00515            3.25         0.0319          628.6         0.0106       1.5       2.5
0.00515            5.15         0.0505          995.7         0.0125       1.5       2.5
0.00515            8.15           0.08           1578         0.0151       1.5       2.5
0.00515            12.9          0.127           2500         0.0185       1.5       2.5
0.00515            20.5          0.201           3961         0.0232       1.5       2.5
0.00515            32.5          0.319           6278         0.0297       1.5       2.5
0.00515            51.5          0.505           9949         0.0388       1.5       2.5
0.00815           0.515        0.00319          63.46        0.00834       2.5       2.5
0.00815           0.815        0.00505          100.1        0.00659       2.5       2.5
0.00815            1.29          0.008          158.1        0.00778       2.5       2.5
0.00815            2.05         0.0127            250         0.0094       1.5       2.5
0.00815            3.25         0.0201          395.7         0.0109       1.5       2.5
0.00815            5.15         0.0319          626.7          0.013       1.5       2.5
0.00815            8.15         0.0505          992.7         0.0157       1.5       2.5
0.00815            12.9           0.08           1573         0.0191       1.5       2.5
0.00815            20.5          0.127           2492         0.0237       1.5       2.5
0.00815            32.5          0.201           3949         0.0299       1.5       2.5
0.00815            51.5          0.319           6259         0.0385       1.5       2.5
0.00815            81.5          0.505           9919         0.0513       1.5       2.5
0.0129            0.515        0.00201          40.18        0.00855       2.5       2.5
0.0129            0.815        0.00319          63.16        0.00676       2.5       2.5
0.0129             1.29        0.00505          99.59        0.00801       2.5       2.5
0.0129             2.05          0.008          157.3        0.00967       2.5       2.5
0.0129             3.25         0.0127          248.8         0.0113       1.5       2.5
0.0129             5.15         0.0201          393.8         0.0135       1.5       2.5
0.0129             8.15         0.0319          623.7         0.0163       1.5       2.5
0.0129             12.9         0.0505            988         0.0198       1.5       2.5
0.0129             20.5           0.08           1565         0.0246       1.5       2.5
0.0129             32.5          0.127           2480         0.0308       1.5       2.5
0.0129             51.5          0.201           3930         0.0392       1.5       2.5
0.0129             81.5          0.319           6229         0.0509       1.5       2.5
0.0129              129          0.505           9872         0.0684       1.5       2.5
0.0205            0.815        0.00201          39.88        0.00693       2.5       2.5
0.0205             1.29        0.00319          62.68        0.00822       2.5       2.5
0.0205             2.05        0.00505          98.83        0.00991       2.5       2.5
0.0205             3.25          0.008          156.1         0.0116       2.5       2.5
0.0205             5.15         0.0127          246.9         0.0139       1.5       2.5
0.0205             8.15         0.0201          390.8         0.0169       1.5       2.5
0.0205             12.9         0.0319          618.9         0.0207       1.5       2.5
0.0205             20.5         0.0505          980.4         0.0255       1.5       2.5
0.0205             32.5           0.08           1553          0.032       1.5       2.5
0.0205             51.5          0.127           2461         0.0409       1.5       2.5
0.0205             81.5          0.201           3900         0.0516       1.5       2.5
0.0205              129          0.319           6181         0.0679       1.5       2.5
0.0205              205          0.505           9796         0.0908       1.5       2.5
0.0325             1.29        0.00201           39.4        0.00841       2.5       2.5
0.0325             2.05        0.00319          61.93         0.0101       2.5       2.5
0.0325             3.25        0.00505          97.63          0.012       2.5       2.5
0.0325             5.15          0.008          154.2         0.0144       2.5       2.5
0.0325             8.15         0.0127          243.9         0.0175       1.5       2.5
0.0325             12.9         0.0201          386.1         0.0216       1.5       2.5
0.0325             20.5         0.0319          611.4         0.0268       1.5       2.5
0.0325             32.5         0.0505          968.4         0.0333       1.5       2.5
0.0325             51.5           0.08           1534         0.0421       1.5       2.5
0.0325             81.5          0.127           2431         0.0539       1.5       2.5
0.0325              129          0.201           3853          0.069       1.5       2.5
0.0325              205          0.319           6106         0.0909       1.5       2.5
0.0325              325          0.505           9676          0.125       1.5       2.5
0.0515             2.05        0.00201          38.64         0.0103       2.5       2.5
0.0515             3.25        0.00319          60.73         0.0122       2.5       2.5
0.0515             5.15        0.00505          95.74         0.0148       2.5       2.5
0.0515             8.15          0.008          151.2         0.0181       2.5       2.5
0.0515             12.9         0.0127          239.1         0.0224       1.5       2.5
0.0515             20.5         0.0201          378.5         0.0278       1.5       2.5
0.0515             32.5         0.0319          599.4         0.0349       1.5       2.5
0.0515             51.5         0.0505          949.4         0.0439       1.5       2.5
0.0515             81.5           0.08           1504         0.0556       1.5       2.5
0.0515              129          0.127           2384         0.0719       1.5       2.5
0.0515              205          0.201           3777         0.0926       1.5       2.5
0.0515              325          0.319           5986          0.122       1.5       2.5
0.0515              515          0.505           9486          0.173       1.5       2.5
0.0815             3.25        0.00201          37.44         0.0125       2.5       2.5
0.0815             5.15        0.00319          58.83         0.0152       2.5       2.5
0.0815             8.15        0.00505          92.73         0.0188       2.5       2.5
0.0815             12.9          0.008          146.4         0.0234       2.5       2.5
0.0815             20.5         0.0127          231.6         0.0291       1.5       2.5
0.0815             32.5         0.0201          366.5         0.0366       1.5       2.5
0.0815             51.5         0.0319          580.4         0.0462       1.5       2.5
0.0815             81.5         0.0505          919.3         0.0589       1.5       2.5
0.0815              129           0.08           1457         0.0745       1.5       2.5
0.0815              205          0.127           2308         0.0969       1.5       2.5
0.0815              325          0.201           3657          0.124       1.5       2.5
0.0815              515          0.319           5796          0.166       1.5       2.5
0.0815              815          0.505           9185          0.226       1.5       2.5
0.129              5.15        0.00201          35.55         0.0157       2.5       2.5
0.129              8.15        0.00319          55.82         0.0194       2.5       2.5
0.129              12.9        0.00505          87.96         0.0244       2.5       2.5
0.129              20.5          0.008          138.9         0.0307       2.5       2.5
0.129              32.5         0.0127          219.6         0.0384       1.5       2.5
0.129              51.5         0.0201          347.5         0.0485       1.5       2.5
0.129              81.5         0.0319          550.3         0.0617       1.5       2.5
0.129               129         0.0505          871.6         0.0784       1.5       2.5
0.129               205           0.08           1381          0.102       1.5       2.5
0.129               325          0.127           2188          0.131       1.5       2.5
0.129               515          0.201           3467          0.172       1.5       2.5
0.129               815          0.319           5495          0.235       1.5       2.5
0.129          1.29e+03          0.505           8708          0.314       1.5       2.5
0.205              8.15        0.00201          32.54         0.0206       2.5       2.5
0.205              12.9        0.00319          51.05         0.0258       2.5       2.5
0.205              20.5        0.00505           80.4         0.0327       2.5       2.5
0.205              32.5          0.008          126.9         0.0413       2.5       2.5
0.205              51.5         0.0127          200.6         0.0527       1.5       2.5
0.205              81.5         0.0201          317.4         0.0675       1.5       2.5
0.205               129         0.0319          502.6         0.0847       1.5       2.5
0.205               205         0.0505            796           0.11       1.5       2.5
0.205               325           0.08           1261           0.14       1.5       2.5
0.205               515          0.127           1998          0.182       1.5       2.5
0.205               815          0.201           3166          0.247       1.5       2.5
0.205          1.29e+03          0.319           5018          0.326       1.5       2.5
0.205          2.05e+03          0.505           7952          0.421       1.5       2.5
0.325              12.9        0.00201          27.77           0.03       2.5       2.5
0.325              20.5        0.00319          43.49         0.0382       2.5       2.5
0.325              32.5        0.00505          68.42         0.0485       2.5       2.5
0.325              51.5          0.008          107.9          0.062       2.5       2.5
0.325              81.5         0.0127          170.5         0.0808       1.5       2.5
0.325               129         0.0201          269.7          0.102       1.5       2.5
0.325               205         0.0319            427          0.132       1.5       2.5
0.325               325         0.0505          676.2          0.168       1.5       2.5
0.325               515           0.08           1071          0.213       1.5       2.5
0.325               815          0.127           1697          0.308       1.5       2.5
0.325          1.29e+03          0.201           2690          0.343       1.5       2.5
0.325          2.05e+03          0.319           4262           0.49       1.5       2.5
0.325          3.25e+03          0.505           6754          0.735       1.5       2.5
0.515              20.5        0.00201          20.21         0.0567       2.5       2.5
0.515              32.5        0.00319          31.51         0.0737       2.5       2.5
0.515              51.5        0.00505          49.43         0.0936       2.5       2.5
0.515              81.5          0.008          77.82          0.121       2.5       2.5
0.515               129         0.0127          122.8           0.16       1.5       2.5
0.515               205         0.0201          194.1          0.205       1.5       2.5
0.515               325         0.0319          307.2          0.265       1.5       2.5
0.515               515         0.0505          486.3          0.343       1.5       2.5
0.515               815           0.08          770.3          0.469       1.5       2.5
0.515          1.29e+03          0.127           1220          0.598       1.5       2.5
0.515          2.05e+03          0.201           1934          0.762       1.5       2.5
0.515          3.25e+03          0.319           3064           1.03       1.5       2.5
0.515          5.15e+03          0.505           4856           1.73       1.5       2.5
0.815              32.5        0.00201          8.226          0.224       2.5       2.5
0.815              51.5        0.00319          12.52          0.288       2.5       2.5
0.815              81.5        0.00505          19.33          0.385       2.5       2.5
0.815               129          0.008          30.13          0.511       2.5       2.5
0.815               205         0.0127          47.23          0.669       1.5       2.5
0.815               325         0.0201          74.34          0.865       1.5       2.5
0.815               515         0.0319          117.3           1.22       1.5       2.5
0.815               815         0.0505          185.4           1.22       1.5       2.5
0.815          1.29e+03           0.08          293.3           2.36       1.5       2.5
0.815          2.05e+03          0.127          464.4           2.21       1.5       2.5
0.815          3.25e+03          0.201          735.5            3.6       1.5       2.5
0.815          5.15e+03          0.319           1165           4.41       1.5       2.5
